<?xml version="1.0" encoding="UTF-8"?>
<!-- Generated by org.testng.reporters.JUnitReportReporter -->
<testsuite skipped="0" hostname="Zeyads-MacBook-Pro.local" name="LibraryTest" tests="1" failures="0" timestamp="26 Mar 2018 22:02:41 GMT" time="63.866" errors="0">
  <testcase name="CON6911" time="63.866" classname="LibraryTest"/>
</testsuite> <!-- LibraryTest -->
