<?xml version="1.0" encoding="UTF-8"?>
<!-- Generated by org.testng.reporters.JUnitReportReporter -->
<testsuite skipped="0" hostname="Zeyads-MBP.Home" name="test" tests="1" failures="0" timestamp="24 Mar 2018 16:15:55 GMT" time="0.293" errors="0">
  <testcase name="CON69s11" time="0.293" classname="test"/>
</testsuite> <!-- test -->
